<?xml version="1.0" encoding="UTF-8"?>
<!-- Generated by org.testng.reporters.JUnitReportReporter -->
<testsuite hostname="LAPTOP-D7R0LB3H" failures="0" tests="1" name="com.luma.pagetests.CustomerLoginTest" time="16.844" errors="0" timestamp="2025-01-15T12:50:23 EST" skipped="0">
  <testcase classname="com.luma.pagetests.CustomerLoginTest" name="verifySuccessfulCreationOfNewCustomerAccountTest" time="16.844"/>
  <system-out/>
</testsuite> <!-- com.luma.pagetests.CustomerLoginTest -->
