<?xml version="1.0" encoding="UTF-8"?>
<!-- Generated by org.testng.reporters.JUnitReportReporter -->
<testsuite hostname="LAPTOP-D7R0LB3H" failures="0" tests="1" name="com.luma.pagetests.CreateNewCustomerAccountTest" time="0.414" errors="1" timestamp="2025-01-10T13:53:14 EST" skipped="0">
  <testcase classname="com.luma.pagetests.CreateNewCustomerAccountTest" name="verifyAccountCreationSuccess" time="0.414">
    <error message="Unresolved compilation problems: 
	The method ClickOnCreateAccount() is undefined for the type CreateNewCustomerAccountPage
	The method EnterFirstName() is undefined for the type CreateNewCustomerAccountPage
	The method EnterLastName() is undefined for the type CreateNewCustomerAccountPage
	The method EnterEmail() is undefined for the type CreateNewCustomerAccountPage
	The method EnterPassword() is undefined for the type CreateNewCustomerAccountPage
	The method EnterConfirmPassword() is undefined for the type CreateNewCustomerAccountPage
	The method ClickCreateAccount() is undefined for the type CreateNewCustomerAccountPage
" type="java.lang.Error">
      <![CDATA[java.lang.Error: Unresolved compilation problems: 
The method ClickOnCreateAccount() is undefined for the type CreateNewCustomerAccountPage
The method EnterFirstName() is undefined for the type CreateNewCustomerAccountPage
The method EnterLastName() is undefined for the type CreateNewCustomerAccountPage
The method EnterEmail() is undefined for the type CreateNewCustomerAccountPage
The method EnterPassword() is undefined for the type CreateNewCustomerAccountPage
The method EnterConfirmPassword() is undefined for the type CreateNewCustomerAccountPage
The method ClickCreateAccount() is undefined for the type CreateNewCustomerAccountPage

at com.luma.pagetests.CreateNewCustomerAccountTest.verifyAccountCreationSuccess(CreateNewCustomerAccountTest.java:12)
at java.base/jdk.internal.reflect.DirectMethodHandleAccessor.invoke(DirectMethodHandleAccessor.java:103)
at java.base/java.lang.reflect.Method.invoke(Method.java:580)
at org.testng.internal.MethodInvocationHelper.invokeMethod(MethodInvocationHelper.java:133)
at org.testng.internal.TestInvoker.invokeMethod(TestInvoker.java:598)
at org.testng.internal.TestInvoker.invokeTestMethod(TestInvoker.java:173)
at org.testng.internal.MethodRunner.runInSequence(MethodRunner.java:46)
at org.testng.internal.TestInvoker$MethodInvocationAgent.invoke(TestInvoker.java:824)
at org.testng.internal.TestInvoker.invokeTestMethods(TestInvoker.java:146)
at org.testng.internal.TestMethodWorker.invokeTestMethods(TestMethodWorker.java:146)
at org.testng.internal.TestMethodWorker.run(TestMethodWorker.java:128)
at java.base/java.util.ArrayList.forEach(ArrayList.java:1597)
at org.testng.TestRunner.privateRun(TestRunner.java:794)
at org.testng.TestRunner.run(TestRunner.java:596)
at org.testng.SuiteRunner.runTest(SuiteRunner.java:377)
at org.testng.SuiteRunner.runSequentially(SuiteRunner.java:371)
at org.testng.SuiteRunner.privateRun(SuiteRunner.java:332)
at org.testng.SuiteRunner.run(SuiteRunner.java:276)
at org.testng.SuiteRunnerWorker.runSuite(SuiteRunnerWorker.java:53)
at org.testng.SuiteRunnerWorker.run(SuiteRunnerWorker.java:96)
at org.testng.TestNG.runSuitesSequentially(TestNG.java:1212)
at org.testng.TestNG.runSuitesLocally(TestNG.java:1134)
at org.testng.TestNG.runSuites(TestNG.java:1063)
at org.testng.TestNG.run(TestNG.java:1031)
at org.testng.remote.AbstractRemoteTestNG.run(AbstractRemoteTestNG.java:115)
at org.testng.remote.RemoteTestNG.initAndRun(RemoteTestNG.java:293)
at org.testng.remote.RemoteTestNG.main(RemoteTestNG.java:91)
]]>
    </error>
  </testcase> <!-- verifyAccountCreationSuccess -->
  <system-out/>
</testsuite> <!-- com.luma.pagetests.CreateNewCustomerAccountTest -->
